<?xml version="1.0" encoding="UTF-8"?>
<!-- Generated by org.testng.reporters.JUnitReportReporter -->
<testsuite skipped="0" hostname="Geethas-Air.hsd1.ca.comcast.net" name="com.opsmx.test.UITest" tests="3" failures="0" timestamp="18 May 2018 00:30:26 GMT" time="60.191" errors="0">
  <testcase name="UITesting" time="22.690" classname="com.opsmx.test.UITest"/>
  <testcase name="UITesting" time="16.539" classname="com.opsmx.test.UITest"/>
  <testcase name="UITesting" time="20.962" classname="com.opsmx.test.UITest"/>
</testsuite> <!-- com.opsmx.test.UITest -->
