<?xml version="1.0" encoding="UTF-8"?>
<!-- Generated by org.testng.reporters.JUnitReportReporter -->
<testsuite skipped="0" hostname="Geethas-Air.hsd1.ca.comcast.net" name="com.opsmx.test.UITest" tests="2" failures="0" timestamp="17 May 2018 17:22:23 GMT" time="45.227" errors="0">
  <testcase name="UITesting" time="21.664" classname="com.opsmx.test.UITest"/>
  <testcase name="UITesting" time="23.563" classname="com.opsmx.test.UITest"/>
</testsuite> <!-- com.opsmx.test.UITest -->
